Determining if the pthread_create exist failed with the following output:
Change Dir: /home/ur3-laptop/faii/darknet-master/build-release/CMakeFiles/CMakeTmp

Run Build Command:"/usr/bin/make" "cmTC_bf11c/fast"
/usr/bin/make -f CMakeFiles/cmTC_bf11c.dir/build.make CMakeFiles/cmTC_bf11c.dir/build
make[1]: Entering directory '/home/ur3-laptop/faii/darknet-master/build-release/CMakeFiles/CMakeTmp'
Building C object CMakeFiles/cmTC_bf11c.dir/CheckSymbolExists.c.o
/usr/bin/cc   -fPIC    -o CMakeFiles/cmTC_bf11c.dir/CheckSymbolExists.c.o   -c /home/ur3-laptop/faii/darknet-master/build-release/CMakeFiles/CMakeTmp/CheckSymbolExists.c
Linking C executable cmTC_bf11c
/usr/bin/cmake -E cmake_link_script CMakeFiles/cmTC_bf11c.dir/link.txt --verbose=1
/usr/bin/cc -fPIC     CMakeFiles/cmTC_bf11c.dir/CheckSymbolExists.c.o  -o cmTC_bf11c 
CMakeFiles/cmTC_bf11c.dir/CheckSymbolExists.c.o: In function `main':
CheckSymbolExists.c:(.text+0x1b): undefined reference to `pthread_create'
collect2: error: ld returned 1 exit status
CMakeFiles/cmTC_bf11c.dir/build.make:97: recipe for target 'cmTC_bf11c' failed
make[1]: *** [cmTC_bf11c] Error 1
make[1]: Leaving directory '/home/ur3-laptop/faii/darknet-master/build-release/CMakeFiles/CMakeTmp'
Makefile:126: recipe for target 'cmTC_bf11c/fast' failed
make: *** [cmTC_bf11c/fast] Error 2

File /home/ur3-laptop/faii/darknet-master/build-release/CMakeFiles/CMakeTmp/CheckSymbolExists.c:
/* */
#include <pthread.h>

int main(int argc, char** argv)
{
  (void)argv;
#ifndef pthread_create
  return ((int*)(&pthread_create))[argc];
#else
  (void)argc;
  return 0;
#endif
}

Determining if the function pthread_create exists in the pthreads failed with the following output:
Change Dir: /home/ur3-laptop/faii/darknet-master/build-release/CMakeFiles/CMakeTmp

Run Build Command:"/usr/bin/make" "cmTC_2e760/fast"
/usr/bin/make -f CMakeFiles/cmTC_2e760.dir/build.make CMakeFiles/cmTC_2e760.dir/build
make[1]: Entering directory '/home/ur3-laptop/faii/darknet-master/build-release/CMakeFiles/CMakeTmp'
Building C object CMakeFiles/cmTC_2e760.dir/CheckFunctionExists.c.o
/usr/bin/cc   -fPIC -DCHECK_FUNCTION_EXISTS=pthread_create   -o CMakeFiles/cmTC_2e760.dir/CheckFunctionExists.c.o   -c /usr/share/cmake-3.10/Modules/CheckFunctionExists.c
Linking C executable cmTC_2e760
/usr/bin/cmake -E cmake_link_script CMakeFiles/cmTC_2e760.dir/link.txt --verbose=1
/usr/bin/cc -fPIC -DCHECK_FUNCTION_EXISTS=pthread_create    CMakeFiles/cmTC_2e760.dir/CheckFunctionExists.c.o  -o cmTC_2e760 -lpthreads 
/usr/bin/ld: cannot find -lpthreads
collect2: error: ld returned 1 exit status
CMakeFiles/cmTC_2e760.dir/build.make:97: recipe for target 'cmTC_2e760' failed
make[1]: *** [cmTC_2e760] Error 1
make[1]: Leaving directory '/home/ur3-laptop/faii/darknet-master/build-release/CMakeFiles/CMakeTmp'
Makefile:126: recipe for target 'cmTC_2e760/fast' failed
make: *** [cmTC_2e760/fast] Error 2


